<?xml version="1.0" encoding="UTF-8"?>
<!--
  ~ Copyright Â© 2013 John Snow, Inc. (JSI). All Rights Reserved.
  ~
  ~ The U.S. Agency for International Development (USAID) funded this section of the application development under the terms of the USAID | DELIVER PROJECT contract no. GPO-I-00-06-00007-00.
  -->

<beans xmlns="http://www.springframework.org/schema/beans"
       xmlns:xsi="http://www.w3.org/2001/XMLSchema-instance"
       xsi:schemaLocation="http://www.springframework.org/schema/beans http://www.springframework.org/schema/beans/spring-beans-3.1.xsd">

   <import resource="classpath*:applicationContext-report.xml"/>

</beans>